\BOOKMARK [0][-]{chapter*.2}{\376\377\000\332\000v\000o\000d}{}% 1
\BOOKMARK [0][-]{chapter.1}{\376\377\000P\001\131\000\355\000b\000u\000z\000n\000\351\000\040\000p\000r\000\341\000c\000e}{}% 2
\BOOKMARK [0][-]{chapter.2}{\376\377\000A\000n\000a\000l\000\375\000z\000a\000\040\001\131\000e\001\141\000e\000n\000\355}{}% 3
\BOOKMARK [1][-]{section.2.1}{\376\377\000E\000x\000t\000r\000a\000k\000c\000e\000\040\000p\000o\001\176\000a\000d\000a\000v\000k\001\157}{chapter.2}% 4
\BOOKMARK [1][-]{section.2.2}{\376\377\000D\001\033\000l\000e\000n\000\355\000\040\001\131\000e\001\141\000e\000n\000\355}{chapter.2}% 5
\BOOKMARK [1][-]{section.2.3}{\376\377\000P\000o\001\176\000a\000d\000a\000v\000k\000y\000\040\000p\000r\000o\000\040\000S\000t\000a\000c\000k\000l\000o\000o\000k}{chapter.2}% 6
\BOOKMARK [1][-]{section.2.4}{\376\377\000P\000o\001\176\000a\000d\000a\000v\000k\000y\000\040\000p\000r\000o\000\040\000N\000a\000p\000s}{chapter.2}% 7
\BOOKMARK [1][-]{section.2.5}{\376\377\000P\000o\001\176\000a\000d\000a\000v\000k\000y\000\040\000p\000r\000o\000\040\000C\000o\000u\000p\000l\000e\000b\000r\000e\000a\000k}{chapter.2}% 8
\BOOKMARK [1][-]{section.2.6}{\376\377\000P\000o\001\176\000a\000d\000a\000v\000k\000y\000\040\000p\000r\000o\000\040\000N\000U\000M\000A\000\040\000T\000o\000p\000o\000l\000o\000g\000y\000\040\000V\000i\000e\000w\000s}{chapter.2}% 9
\BOOKMARK [0][-]{chapter.3}{\376\377\000V\000\375\000v\000o\000j\000o\000v\000\341\000\040\000d\000o\000k\000u\000m\000e\000n\000t\000a\000c\000e}{}% 10
\BOOKMARK [1][-]{section.3.1}{\376\377\000S\000t\000a\000c\000k\000l\000o\000o\000k}{chapter.3}% 11
\BOOKMARK [1][-]{section.3.2}{\376\377\000N\000a\000p\000s}{chapter.3}% 12
\BOOKMARK [1][-]{section.3.3}{\376\377\000C\000o\000u\000p\000l\000e\000b\000r\000e\000a\000k}{chapter.3}% 13
\BOOKMARK [1][-]{section.3.4}{\376\377\000N\000U\000M\000A\000\040\000T\000o\000p\000o\000l\000o\000g\000y\000\040\000V\000i\000e\000w\000s}{chapter.3}% 14
\BOOKMARK [0][-]{chapter.4}{\376\377\000R\000o\000z\001\141\000\355\001\131\000e\000n\000\355\000\040\000p\000r\000\341\000c\000e}{}% 15
\BOOKMARK [1][-]{section.4.1}{\376\377\000P\000l\000u\000g\000i\000n\000y}{chapter.4}% 16
\BOOKMARK [1][-]{section.4.2}{\376\377\000K\000e\000r\000n\000e\000l\000S\000h\000a\000r\000k}{chapter.4}% 17
\BOOKMARK [0][-]{chapter*.3}{\376\377\000Z\000\341\000v\001\033\000r}{}% 18
\BOOKMARK [0][-]{chapter*.4}{\376\377\000S\000e\000z\000n\000a\000m\000\040\000o\000b\000r\000\341\000z\000k\001\157}{}% 19
\BOOKMARK [0][-]{chapter*.5}{\376\377\000S\000e\000z\000n\000a\000m\000\040\000t\000a\000b\000u\000l\000e\000k}{}% 20
\BOOKMARK [0][-]{chapter*.6}{\376\377\000S\000e\000z\000n\000a\000m\000\040\000p\000o\000u\001\176\000i\000t\000\375\000c\000h\000\040\000z\000k\000r\000a\000t\000e\000k}{}% 21
\BOOKMARK [0][-]{appendix.A}{\376\377\000P\001\131\000\355\000l\000o\000h\000y}{}% 22
\BOOKMARK [1][-]{section.A.1}{\376\377\000P\000r\000v\000n\000\355\000\040\000p\001\131\000\355\000l\000o\000h\000a}{appendix.A}% 23
